GET / Thu Oct 13 2022 16:32:20 GMT-0400 (Eastern Daylight Time)
GET / Thu Oct 13 2022 16:34:42 GMT-0400 (Eastern Daylight Time)
GET /static/js/main.017e26db.js Thu Oct 13 2022 16:34:42 GMT-0400 (Eastern Daylight Time)
GET /static/css/main.aada5640.css Thu Oct 13 2022 16:34:42 GMT-0400 (Eastern Daylight Time)
GET /static/media/LinkedIn.ec90b0d7ad71b3d0dda3.png Thu Oct 13 2022 16:34:42 GMT-0400 (Eastern Daylight Time)
GET /static/media/c-original.13f24c473f4fd7f944b1410cc8058a89.svg Thu Oct 13 2022 16:34:42 GMT-0400 (Eastern Daylight Time)
GET /static/media/cplusplus-original.f5ed104b00a745b1e7719024c2d6ce30.svg Thu Oct 13 2022 16:34:42 GMT-0400 (Eastern Daylight Time)
GET /static/media/python-original.849d0b2b5f1ec20f077dd267498bd536.svg Thu Oct 13 2022 16:34:42 GMT-0400 (Eastern Daylight Time)
GET /static/media/java-original.a751bad6c81431ab4dd6fa6632a65540.svg Thu Oct 13 2022 16:34:42 GMT-0400 (Eastern Daylight Time)
GET /static/media/javascript-original.4c1b5332c1b1057928f6f06cf972c91c.svg Thu Oct 13 2022 16:34:42 GMT-0400 (Eastern Daylight Time)
GET /static/media/php-original.1e73afc4967ab2fe950ba75b323d73b4.svg Thu Oct 13 2022 16:34:42 GMT-0400 (Eastern Daylight Time)
GET /static/media/latex-original.e285428eb87473e33b5b7dcd38fbdcbe.svg Thu Oct 13 2022 16:34:42 GMT-0400 (Eastern Daylight Time)
GET /static/media/bash-original.e22f475189b9c606a3cbac0a243a840d.svg Thu Oct 13 2022 16:34:42 GMT-0400 (Eastern Daylight Time)
GET /static/media/html5-original.8664168d5bc90b1a24396f85aadbf623.svg Thu Oct 13 2022 16:34:42 GMT-0400 (Eastern Daylight Time)
GET /static/media/css3-original.39769a8bd378bf410d6b381a8d88fa35.svg Thu Oct 13 2022 16:34:42 GMT-0400 (Eastern Daylight Time)
GET /static/media/logo.6ce24c58023cc2f8fd88fe9d219db6c6.svg Thu Oct 13 2022 16:34:42 GMT-0400 (Eastern Daylight Time)
GET /static/media/linux-original.0cb7bf4e5cb9ed5e2333d50935fad3d4.svg Thu Oct 13 2022 16:34:42 GMT-0400 (Eastern Daylight Time)
GET /static/media/express-original.4925c0127df8857c18b38329795ce88f.svg Thu Oct 13 2022 16:34:42 GMT-0400 (Eastern Daylight Time)
GET /static/media/apache-original.d3a1310af603d478bc6bebda8eb2c8b9.svg Thu Oct 13 2022 16:34:42 GMT-0400 (Eastern Daylight Time)
GET /static/media/nginx-original.7c2f1d58c457c4a4c3adfb73c2352f4a.svg Thu Oct 13 2022 16:34:42 GMT-0400 (Eastern Daylight Time)
GET /static/media/git-original.c08353563539c6459b353f29d8dd7bf2.svg Thu Oct 13 2022 16:34:42 GMT-0400 (Eastern Daylight Time)
GET /manifest.json Thu Oct 13 2022 16:34:42 GMT-0400 (Eastern Daylight Time)
GET /static/media/Comfortaa-VariableFont_wght.f7b028506dac53e8054b.woff2 Thu Oct 13 2022 16:34:42 GMT-0400 (Eastern Daylight Time)
GET /favicon.ico Thu Oct 13 2022 16:34:42 GMT-0400 (Eastern Daylight Time)
GET /logo192.png Thu Oct 13 2022 16:34:42 GMT-0400 (Eastern Daylight Time)
GET /static/media/resume.453e592513f7172dac72.pdf Thu Oct 13 2022 16:34:48 GMT-0400 (Eastern Daylight Time)
GET /logo192.png Thu Oct 13 2022 16:34:54 GMT-0400 (Eastern Daylight Time)
GET /api/read Thu Oct 13 2022 16:34:57 GMT-0400 (Eastern Daylight Time)
POST /api/add Thu Oct 13 2022 16:35:04 GMT-0400 (Eastern Daylight Time)
POST /api/add Thu Oct 13 2022 16:35:05 GMT-0400 (Eastern Daylight Time)
POST /api/add Thu Oct 13 2022 16:35:05 GMT-0400 (Eastern Daylight Time)
POST /api/add Thu Oct 13 2022 16:35:05 GMT-0400 (Eastern Daylight Time)
POST /api/delete Thu Oct 13 2022 16:35:08 GMT-0400 (Eastern Daylight Time)
GET /static/media/LinkedIn.ec90b0d7ad71b3d0dda3.png Thu Oct 13 2022 16:35:32 GMT-0400 (Eastern Daylight Time)
GET /static/media/c-original.13f24c473f4fd7f944b1410cc8058a89.svg Thu Oct 13 2022 16:35:32 GMT-0400 (Eastern Daylight Time)
GET /static/media/cplusplus-original.f5ed104b00a745b1e7719024c2d6ce30.svg Thu Oct 13 2022 16:35:32 GMT-0400 (Eastern Daylight Time)
GET /static/media/python-original.849d0b2b5f1ec20f077dd267498bd536.svg Thu Oct 13 2022 16:35:32 GMT-0400 (Eastern Daylight Time)
GET /static/media/java-original.a751bad6c81431ab4dd6fa6632a65540.svg Thu Oct 13 2022 16:35:32 GMT-0400 (Eastern Daylight Time)
GET /static/media/javascript-original.4c1b5332c1b1057928f6f06cf972c91c.svg Thu Oct 13 2022 16:35:32 GMT-0400 (Eastern Daylight Time)
GET /static/media/php-original.1e73afc4967ab2fe950ba75b323d73b4.svg Thu Oct 13 2022 16:35:32 GMT-0400 (Eastern Daylight Time)
GET /static/media/latex-original.e285428eb87473e33b5b7dcd38fbdcbe.svg Thu Oct 13 2022 16:35:32 GMT-0400 (Eastern Daylight Time)
GET /static/media/bash-original.e22f475189b9c606a3cbac0a243a840d.svg Thu Oct 13 2022 16:35:32 GMT-0400 (Eastern Daylight Time)
GET /static/media/html5-original.8664168d5bc90b1a24396f85aadbf623.svg Thu Oct 13 2022 16:35:32 GMT-0400 (Eastern Daylight Time)
GET /static/media/css3-original.39769a8bd378bf410d6b381a8d88fa35.svg Thu Oct 13 2022 16:35:32 GMT-0400 (Eastern Daylight Time)
GET /static/media/logo.6ce24c58023cc2f8fd88fe9d219db6c6.svg Thu Oct 13 2022 16:35:32 GMT-0400 (Eastern Daylight Time)
GET /static/media/linux-original.0cb7bf4e5cb9ed5e2333d50935fad3d4.svg Thu Oct 13 2022 16:35:32 GMT-0400 (Eastern Daylight Time)
GET /static/media/express-original.4925c0127df8857c18b38329795ce88f.svg Thu Oct 13 2022 16:35:32 GMT-0400 (Eastern Daylight Time)
GET /static/media/apache-original.d3a1310af603d478bc6bebda8eb2c8b9.svg Thu Oct 13 2022 16:35:32 GMT-0400 (Eastern Daylight Time)
GET /static/media/nginx-original.7c2f1d58c457c4a4c3adfb73c2352f4a.svg Thu Oct 13 2022 16:35:32 GMT-0400 (Eastern Daylight Time)
GET /static/media/git-original.c08353563539c6459b353f29d8dd7bf2.svg Thu Oct 13 2022 16:35:32 GMT-0400 (Eastern Daylight Time)
GET /static/media/resume.453e592513f7172dac72.pdf Thu Oct 13 2022 16:35:33 GMT-0400 (Eastern Daylight Time)
GET /logo192.png Thu Oct 13 2022 16:35:34 GMT-0400 (Eastern Daylight Time)
GET / Thu Oct 13 2022 16:42:11 GMT-0400 (Eastern Daylight Time)
GET /static/js/main.4c2026fa.js Thu Oct 13 2022 16:42:11 GMT-0400 (Eastern Daylight Time)
GET /static/css/main.aada5640.css Thu Oct 13 2022 16:42:11 GMT-0400 (Eastern Daylight Time)
GET /static/media/LinkedIn.ec90b0d7ad71b3d0dda3.png Thu Oct 13 2022 16:42:11 GMT-0400 (Eastern Daylight Time)
GET /static/media/c-original.13f24c473f4fd7f944b1410cc8058a89.svg Thu Oct 13 2022 16:42:11 GMT-0400 (Eastern Daylight Time)
GET /static/media/cplusplus-original.f5ed104b00a745b1e7719024c2d6ce30.svg Thu Oct 13 2022 16:42:11 GMT-0400 (Eastern Daylight Time)
GET /static/media/python-original.849d0b2b5f1ec20f077dd267498bd536.svg Thu Oct 13 2022 16:42:11 GMT-0400 (Eastern Daylight Time)
GET /static/media/java-original.a751bad6c81431ab4dd6fa6632a65540.svg Thu Oct 13 2022 16:42:11 GMT-0400 (Eastern Daylight Time)
GET /static/media/javascript-original.4c1b5332c1b1057928f6f06cf972c91c.svg Thu Oct 13 2022 16:42:11 GMT-0400 (Eastern Daylight Time)
GET /static/media/php-original.1e73afc4967ab2fe950ba75b323d73b4.svg Thu Oct 13 2022 16:42:11 GMT-0400 (Eastern Daylight Time)
GET /static/media/latex-original.e285428eb87473e33b5b7dcd38fbdcbe.svg Thu Oct 13 2022 16:42:11 GMT-0400 (Eastern Daylight Time)
GET /static/media/bash-original.e22f475189b9c606a3cbac0a243a840d.svg Thu Oct 13 2022 16:42:11 GMT-0400 (Eastern Daylight Time)
GET /static/media/html5-original.8664168d5bc90b1a24396f85aadbf623.svg Thu Oct 13 2022 16:42:11 GMT-0400 (Eastern Daylight Time)
GET /static/media/css3-original.39769a8bd378bf410d6b381a8d88fa35.svg Thu Oct 13 2022 16:42:11 GMT-0400 (Eastern Daylight Time)
GET /static/media/logo.6ce24c58023cc2f8fd88fe9d219db6c6.svg Thu Oct 13 2022 16:42:11 GMT-0400 (Eastern Daylight Time)
GET /static/media/linux-original.0cb7bf4e5cb9ed5e2333d50935fad3d4.svg Thu Oct 13 2022 16:42:11 GMT-0400 (Eastern Daylight Time)
GET /static/media/express-original.4925c0127df8857c18b38329795ce88f.svg Thu Oct 13 2022 16:42:11 GMT-0400 (Eastern Daylight Time)
GET /static/media/apache-original.d3a1310af603d478bc6bebda8eb2c8b9.svg Thu Oct 13 2022 16:42:11 GMT-0400 (Eastern Daylight Time)
GET /static/media/nginx-original.7c2f1d58c457c4a4c3adfb73c2352f4a.svg Thu Oct 13 2022 16:42:11 GMT-0400 (Eastern Daylight Time)
GET /static/media/git-original.c08353563539c6459b353f29d8dd7bf2.svg Thu Oct 13 2022 16:42:11 GMT-0400 (Eastern Daylight Time)
GET /static/media/Comfortaa-VariableFont_wght.f7b028506dac53e8054b.woff2 Thu Oct 13 2022 16:42:11 GMT-0400 (Eastern Daylight Time)
GET /manifest.json Thu Oct 13 2022 16:42:11 GMT-0400 (Eastern Daylight Time)
GET /logo192.png Thu Oct 13 2022 16:42:12 GMT-0400 (Eastern Daylight Time)
